<?xml version="1.0" encoding="UTF-8"?>
<!-- Generated by org.testng.reporters.JUnitReportReporter -->
<testsuite skipped="0" hostname="DESKTOP-F6ONNM9" name="com.training.sanity.tests.RETC_002" tests="1" failures="0" timestamp="12 Jan 2019 09:16:15 GMT" time="51.288" errors="0">
  <testcase name="validLoginTest" time="51.288" classname="com.training.sanity.tests.RETC_002"/>
</testsuite> <!-- com.training.sanity.tests.RETC_002 -->
