<?xml version="1.0" encoding="UTF-8"?>
<!-- Generated by org.testng.reporters.JUnitReportReporter -->
<testsuite skipped="0" hostname="DESKTOP-F6ONNM9" name="com.training.sanity.tests.RETC_005" tests="1" failures="0" timestamp="12 Jan 2019 09:22:22 GMT" time="11.253" errors="0">
  <testcase name="validLoginTest" time="11.253" classname="com.training.sanity.tests.RETC_005"/>
</testsuite> <!-- com.training.sanity.tests.RETC_005 -->
