<?xml version="1.0" encoding="UTF-8"?>
<!-- Generated by org.testng.reporters.JUnitReportReporter -->
<testsuite skipped="0" hostname="DESKTOP-F6ONNM9" name="com.training.sanity.tests.ValidRegisterWithDatabase_RETC62" tests="1" failures="0" timestamp="16 Jan 2019 22:27:18 GMT" time="6.635" errors="0">
  <testcase name="verifyRegistrationdataindatabasetest" time="6.635" classname="com.training.sanity.tests.ValidRegisterWithDatabase_RETC62"/>
</testsuite> <!-- com.training.sanity.tests.ValidRegisterWithDatabase_RETC62 -->
