<?xml version="1.0" encoding="UTF-8"?>
<!-- Generated by org.testng.reporters.JUnitReportReporter -->
<testsuite skipped="0" hostname="DESKTOP-F6ONNM9" name="com.training.sanity.tests.ValidateAddedPost_Inblog_RETC065" tests="1" failures="0" timestamp="12 Jan 2019 10:35:08 GMT" time="73.169" errors="0">
  <testcase name="validLoginTest" time="73.169" classname="com.training.sanity.tests.ValidateAddedPost_Inblog_RETC065"/>
</testsuite> <!-- com.training.sanity.tests.ValidateAddedPost_Inblog_RETC065 -->
