<?xml version="1.0" encoding="UTF-8"?>
<!-- Generated by org.testng.reporters.JUnitReportReporter -->
<testsuite skipped="0" hostname="DESKTOP-F6ONNM9" name="com.training.sanity.tests.Multipleusersenquiry_apartments_RETC064" tests="3" failures="0" timestamp="12 Jan 2019 09:48:15 GMT" time="35.525" errors="0">
  <testcase name="Logintest" time="6.696" classname="com.training.sanity.tests.Multipleusersenquiry_apartments_RETC064"/>
  <testcase name="Logintest" time="22.147" classname="com.training.sanity.tests.Multipleusersenquiry_apartments_RETC064"/>
  <testcase name="Logintest" time="6.682" classname="com.training.sanity.tests.Multipleusersenquiry_apartments_RETC064"/>
</testsuite> <!-- com.training.sanity.tests.Multipleusersenquiry_apartments_RETC064 -->
