<?xml version="1.0" encoding="UTF-8"?>
<!-- Generated by org.testng.reporters.JUnitReportReporter -->
<testsuite skipped="0" hostname="DESKTOP-F6ONNM9" name="com.training.sanity.tests.InvalidRegisterWithExcel_RETC063" tests="3" failures="0" timestamp="12 Jan 2019 09:43:33 GMT" time="25.567" errors="0">
  <testcase name="Registration_data" time="8.257" classname="com.training.sanity.tests.InvalidRegisterWithExcel_RETC063"/>
  <testcase name="Registration_data" time="9.504" classname="com.training.sanity.tests.InvalidRegisterWithExcel_RETC063"/>
  <testcase name="Registration_data" time="7.806" classname="com.training.sanity.tests.InvalidRegisterWithExcel_RETC063"/>
</testsuite> <!-- com.training.sanity.tests.InvalidRegisterWithExcel_RETC063 -->
