<?xml version="1.0" encoding="UTF-8"?>
<!-- Generated by org.testng.reporters.JUnitReportReporter -->
<testsuite skipped="0" hostname="DESKTOP-F6ONNM9" name="com.training.sanity.tests.InvalidRegisterWithExcel_063" tests="3" failures="0" timestamp="10 Jan 2019 09:30:00 GMT" time="19.170" errors="0">
  <testcase name="Registration_data" time="5.697" classname="com.training.sanity.tests.InvalidRegisterWithExcel_063"/>
  <testcase name="Registration_data" time="6.349" classname="com.training.sanity.tests.InvalidRegisterWithExcel_063"/>
  <testcase name="Registration_data" time="7.124" classname="com.training.sanity.tests.InvalidRegisterWithExcel_063"/>
</testsuite> <!-- com.training.sanity.tests.InvalidRegisterWithExcel_063 -->
