<?xml version="1.0" encoding="UTF-8"?>
<!-- Generated by org.testng.reporters.JUnitReportReporter -->
<testsuite skipped="1" hostname="DESKTOP-F6ONNM9" name="com.training.sanity.tests.ValidRegisterWithDatabase_RETC62" tests="1" failures="0" timestamp="12 Jan 2019 08:21:40 GMT" time="0.000" errors="0">
  <testcase name="verifyRegistrationdataindatabasetest" time="0.000" classname="com.training.sanity.tests.ValidRegisterWithDatabase_RETC62">
    <skipped/>
  </testcase> <!-- verifyRegistrationdataindatabasetest -->
</testsuite> <!-- com.training.sanity.tests.ValidRegisterWithDatabase_RETC62 -->
