<?xml version="1.0" encoding="UTF-8"?>
<!-- Generated by org.testng.reporters.JUnitReportReporter -->
<testsuite skipped="0" hostname="DESKTOP-F6ONNM9" name="com.training.sanity.tests.RETC_055" tests="1" failures="0" timestamp="08 Jan 2019 10:56:59 GMT" time="33.488" errors="0">
  <testcase name="validLoginTest" time="33.488" classname="com.training.sanity.tests.RETC_055"/>
</testsuite> <!-- com.training.sanity.tests.RETC_055 -->
