<?xml version="1.0" encoding="UTF-8"?>
<!-- Generated by org.testng.reporters.JUnitReportReporter -->
<testsuite skipped="0" hostname="DESKTOP-F6ONNM9" name="com.training.sanity.tests.DataProviderWithExcel_063" tests="3" failures="0" timestamp="10 Jan 2019 09:27:26 GMT" time="18.409" errors="0">
  <testcase name="Registration_data" time="5.942" classname="com.training.sanity.tests.DataProviderWithExcel_063"/>
  <testcase name="Registration_data" time="5.961" classname="com.training.sanity.tests.DataProviderWithExcel_063"/>
  <testcase name="Registration_data" time="6.506" classname="com.training.sanity.tests.DataProviderWithExcel_063"/>
</testsuite> <!-- com.training.sanity.tests.DataProviderWithExcel_063 -->
