<?xml version="1.0" encoding="UTF-8"?>
<!-- Generated by org.testng.reporters.JUnitReportReporter -->
<testsuite skipped="1" hostname="DESKTOP-F6ONNM9" name="com.training.sanity.tests.RETC061" tests="1" failures="0" timestamp="08 Jan 2019 09:51:29 GMT" time="0.000" errors="0">
  <testcase name="registerexcelTest" time="0.000" classname="com.training.sanity.tests.RETC061">
    <skipped/>
  </testcase> <!-- registerexcelTest -->
</testsuite> <!-- com.training.sanity.tests.RETC061 -->
