<?xml version="1.0" encoding="UTF-8"?>
<!-- Generated by org.testng.reporters.JUnitReportReporter -->
<testsuite skipped="0" hostname="DESKTOP-F6ONNM9" name="com.training.sanity.tests.RETC_001" tests="1" failures="0" timestamp="12 Jan 2019 09:13:46 GMT" time="9.390" errors="0">
  <testcase name="validLoginTest" time="9.390" classname="com.training.sanity.tests.RETC_001"/>
</testsuite> <!-- com.training.sanity.tests.RETC_001 -->
