<?xml version="1.0" encoding="UTF-8"?>
<!-- Generated by org.testng.reporters.JUnitReportReporter -->
<testsuite skipped="0" hostname="DESKTOP-F6ONNM9" name="com.training.sanity.tests.ValidRegisterWithExcel_RETC061" tests="3" failures="0" timestamp="12 Jan 2019 09:37:42 GMT" time="28.264" errors="0">
  <testcase name="Registration_data" time="9.208" classname="com.training.sanity.tests.ValidRegisterWithExcel_RETC061"/>
  <testcase name="Registration_data" time="10.507" classname="com.training.sanity.tests.ValidRegisterWithExcel_RETC061"/>
  <testcase name="Registration_data" time="8.549" classname="com.training.sanity.tests.ValidRegisterWithExcel_RETC061"/>
</testsuite> <!-- com.training.sanity.tests.ValidRegisterWithExcel_RETC061 -->
